<?xml version="1.0" encoding="UTF-8"?>
<testng-results skipped="0" failed="1" ignored="0" total="2" passed="1">
  <reporter-output>
  </reporter-output>
  <suite name="Suite" duration-ms="88087" started-at="2024-01-15T11:13:20 PST" finished-at="2024-01-15T11:14:48 PST">
    <groups>
    </groups>
    <test name="Test" duration-ms="43788" started-at="2024-01-15T11:13:20 PST" finished-at="2024-01-15T11:14:04 PST">
      <class name="com.davita.mini.AddRemoveItemBasketTest">
        <test-method status="PASS" signature="setup()[pri:0, instance:com.davita.mini.AddRemoveItemBasketTest@335eadca]" name="setup" is-config="true" duration-ms="8632" started-at="2024-01-15T11:13:20 PST" finished-at="2024-01-15T11:13:29 PST">
          <reporter-output>
          </reporter-output>
        </test-method> <!-- setup -->
        <test-method status="FAIL" signature="addRemoveItem()[pri:0, instance:com.davita.mini.AddRemoveItemBasketTest@335eadca]" name="addRemoveItem" duration-ms="16882" started-at="2024-01-15T11:13:29 PST" finished-at="2024-01-15T11:13:46 PST">
          <exception class="java.lang.AssertionError">
            <message>
              <![CDATA[expected [$45.22] but found [$45.24]]]>
            </message>
            <full-stacktrace>
              <![CDATA[java.lang.AssertionError: expected [$45.22] but found [$45.24]
at org.testng.Assert.fail(Assert.java:99)
at org.testng.Assert.failNotEquals(Assert.java:1037)
at org.testng.Assert.assertEqualsImpl(Assert.java:140)
at org.testng.Assert.assertEquals(Assert.java:122)
at org.testng.Assert.assertEquals(Assert.java:629)
at org.testng.Assert.assertEquals(Assert.java:639)
at com.davita.mini.AddRemoveItemBasketTest.addRemoveItem(AddRemoveItemBasketTest.java:99)
at sun.reflect.NativeMethodAccessorImpl.invoke0(Native Method)
at sun.reflect.NativeMethodAccessorImpl.invoke(NativeMethodAccessorImpl.java:62)
at sun.reflect.DelegatingMethodAccessorImpl.invoke(DelegatingMethodAccessorImpl.java:43)
at java.lang.reflect.Method.invoke(Method.java:498)
at org.testng.internal.MethodInvocationHelper.invokeMethod(MethodInvocationHelper.java:133)
at org.testng.internal.TestInvoker.invokeMethod(TestInvoker.java:598)
at org.testng.internal.TestInvoker.invokeTestMethod(TestInvoker.java:173)
at org.testng.internal.MethodRunner.runInSequence(MethodRunner.java:46)
at org.testng.internal.TestInvoker$MethodInvocationAgent.invoke(TestInvoker.java:824)
at org.testng.internal.TestInvoker.invokeTestMethods(TestInvoker.java:146)
at org.testng.internal.TestMethodWorker.invokeTestMethods(TestMethodWorker.java:146)
at org.testng.internal.TestMethodWorker.run(TestMethodWorker.java:128)
at java.util.ArrayList.forEach(ArrayList.java:1257)
at org.testng.TestRunner.privateRun(TestRunner.java:794)
at org.testng.TestRunner.run(TestRunner.java:596)
at org.testng.SuiteRunner.runTest(SuiteRunner.java:377)
at org.testng.SuiteRunner.runSequentially(SuiteRunner.java:371)
at org.testng.SuiteRunner.privateRun(SuiteRunner.java:332)
at org.testng.SuiteRunner.run(SuiteRunner.java:276)
at org.testng.SuiteRunnerWorker.runSuite(SuiteRunnerWorker.java:53)
at org.testng.SuiteRunnerWorker.run(SuiteRunnerWorker.java:96)
at org.testng.TestNG.runSuitesSequentially(TestNG.java:1212)
at org.testng.TestNG.runSuitesLocally(TestNG.java:1134)
at org.testng.TestNG.runSuites(TestNG.java:1063)
at org.testng.TestNG.run(TestNG.java:1031)
at org.apache.maven.surefire.testng.TestNGExecutor.run(TestNGExecutor.java:283)
at org.apache.maven.surefire.testng.TestNGXmlTestSuite.execute(TestNGXmlTestSuite.java:75)
at org.apache.maven.surefire.testng.TestNGProvider.invoke(TestNGProvider.java:120)
at org.apache.maven.surefire.booter.ForkedBooter.invokeProviderInSameClassLoader(ForkedBooter.java:384)
at org.apache.maven.surefire.booter.ForkedBooter.runSuitesInProcess(ForkedBooter.java:345)
at org.apache.maven.surefire.booter.ForkedBooter.execute(ForkedBooter.java:126)
at org.apache.maven.surefire.booter.ForkedBooter.main(ForkedBooter.java:418)
]]>
            </full-stacktrace>
          </exception> <!-- java.lang.AssertionError -->
          <reporter-output>
          </reporter-output>
        </test-method> <!-- addRemoveItem -->
        <test-method status="PASS" signature="tearDown()[pri:0, instance:com.davita.mini.AddRemoveItemBasketTest@335eadca]" name="tearDown" is-config="true" duration-ms="18124" started-at="2024-01-15T11:13:46 PST" finished-at="2024-01-15T11:14:04 PST">
          <reporter-output>
          </reporter-output>
        </test-method> <!-- tearDown -->
      </class> <!-- com.davita.mini.AddRemoveItemBasketTest -->
    </test> <!-- Test -->
    <test name="Test2" duration-ms="44270" started-at="2024-01-15T11:14:04 PST" finished-at="2024-01-15T11:14:48 PST">
      <class name="com.davita.mini.OrderCompleteTest">
        <test-method status="PASS" signature="setup()[pri:0, instance:com.davita.mini.OrderCompleteTest@72b6cbcc]" name="setup" is-config="true" duration-ms="6679" started-at="2024-01-15T11:14:04 PST" finished-at="2024-01-15T11:14:11 PST">
          <reporter-output>
          </reporter-output>
        </test-method> <!-- setup -->
        <test-method status="PASS" signature="endToEndTest()[pri:0, instance:com.davita.mini.OrderCompleteTest@72b6cbcc]" name="endToEndTest" duration-ms="19976" started-at="2024-01-15T11:14:11 PST" finished-at="2024-01-15T11:14:31 PST">
          <reporter-output>
          </reporter-output>
        </test-method> <!-- endToEndTest -->
        <test-method status="PASS" signature="tearDown()[pri:0, instance:com.davita.mini.OrderCompleteTest@72b6cbcc]" name="tearDown" is-config="true" duration-ms="17613" started-at="2024-01-15T11:14:31 PST" finished-at="2024-01-15T11:14:48 PST">
          <reporter-output>
          </reporter-output>
        </test-method> <!-- tearDown -->
      </class> <!-- com.davita.mini.OrderCompleteTest -->
    </test> <!-- Test2 -->
  </suite> <!-- Suite -->
</testng-results>
